Determining if the pthread_create exist failed with the following output:
Change Dir: /home/stomeo-gmbh/Programme/recoin-qt/cryptonote/build/release/CMakeFiles/CMakeTmp

Run Build Command:"/usr/bin/make" "cmTC_2dabe/fast"
make[1]: Verzeichnis „/home/stomeo-gmbh/Programme/recoin-qt/cryptonote/build/release/CMakeFiles/CMakeTmp“ wird betreten
/usr/bin/make -f CMakeFiles/cmTC_2dabe.dir/build.make CMakeFiles/cmTC_2dabe.dir/build
make[2]: Verzeichnis „/home/stomeo-gmbh/Programme/recoin-qt/cryptonote/build/release/CMakeFiles/CMakeTmp“ wird betreten
Building C object CMakeFiles/cmTC_2dabe.dir/CheckSymbolExists.c.o
/usr/bin/cc    -std=c11  -Wall -Wextra -Wpointer-arith -Wundef -Wvla -Wwrite-strings -Werror -Wno-error=extra -Wno-error=unused-function -Wno-error=deprecated-declarations -Wno-error=sign-compare -Wno-error=strict-aliasing -Wno-error=type-limits -Wno-unused-parameter -Wno-error=unused-variable -Wno-error=undef -Wno-error=uninitialized -Wno-error=unused-result -Wlogical-op -Wno-error=maybe-uninitialized -Wno-error=clobbered -Wno-error=unused-but-set-variable -Wno-error=odr -Waggregate-return -Wnested-externs -Wold-style-definition -Wstrict-prototypes -march=native -maes    -o CMakeFiles/cmTC_2dabe.dir/CheckSymbolExists.c.o   -c /home/stomeo-gmbh/Programme/recoin-qt/cryptonote/build/release/CMakeFiles/CMakeTmp/CheckSymbolExists.c
Linking C executable cmTC_2dabe
/usr/bin/cmake -E cmake_link_script CMakeFiles/cmTC_2dabe.dir/link.txt --verbose=1
/usr/bin/cc   -std=c11  -Wall -Wextra -Wpointer-arith -Wundef -Wvla -Wwrite-strings -Werror -Wno-error=extra -Wno-error=unused-function -Wno-error=deprecated-declarations -Wno-error=sign-compare -Wno-error=strict-aliasing -Wno-error=type-limits -Wno-unused-parameter -Wno-error=unused-variable -Wno-error=undef -Wno-error=uninitialized -Wno-error=unused-result -Wlogical-op -Wno-error=maybe-uninitialized -Wno-error=clobbered -Wno-error=unused-but-set-variable -Wno-error=odr -Waggregate-return -Wnested-externs -Wold-style-definition -Wstrict-prototypes -march=native -maes     CMakeFiles/cmTC_2dabe.dir/CheckSymbolExists.c.o  -o cmTC_2dabe -rdynamic 
CMakeFiles/cmTC_2dabe.dir/CheckSymbolExists.c.o: In Funktion `main':
CheckSymbolExists.c:(.text+0x16): Nicht definierter Verweis auf `pthread_create'
collect2: error: ld returned 1 exit status
CMakeFiles/cmTC_2dabe.dir/build.make:97: die Regel für Ziel „cmTC_2dabe“ scheiterte
make[2]: *** [cmTC_2dabe] Fehler 1
make[2]: Verzeichnis „/home/stomeo-gmbh/Programme/recoin-qt/cryptonote/build/release/CMakeFiles/CMakeTmp“ wird verlassen
Makefile:126: die Regel für Ziel „cmTC_2dabe/fast“ scheiterte
make[1]: *** [cmTC_2dabe/fast] Fehler 2
make[1]: Verzeichnis „/home/stomeo-gmbh/Programme/recoin-qt/cryptonote/build/release/CMakeFiles/CMakeTmp“ wird verlassen

File /home/stomeo-gmbh/Programme/recoin-qt/cryptonote/build/release/CMakeFiles/CMakeTmp/CheckSymbolExists.c:
/* */
#include <pthread.h>

int main(int argc, char** argv)
{
  (void)argv;
#ifndef pthread_create
  return ((int*)(&pthread_create))[argc];
#else
  (void)argc;
  return 0;
#endif
}

Determining if the function pthread_create exists in the pthreads failed with the following output:
Change Dir: /home/stomeo-gmbh/Programme/recoin-qt/cryptonote/build/release/CMakeFiles/CMakeTmp

Run Build Command:"/usr/bin/make" "cmTC_3f82e/fast"
make[1]: Verzeichnis „/home/stomeo-gmbh/Programme/recoin-qt/cryptonote/build/release/CMakeFiles/CMakeTmp“ wird betreten
/usr/bin/make -f CMakeFiles/cmTC_3f82e.dir/build.make CMakeFiles/cmTC_3f82e.dir/build
make[2]: Verzeichnis „/home/stomeo-gmbh/Programme/recoin-qt/cryptonote/build/release/CMakeFiles/CMakeTmp“ wird betreten
Building C object CMakeFiles/cmTC_3f82e.dir/CheckFunctionExists.c.o
/usr/bin/cc    -std=c11  -Wall -Wextra -Wpointer-arith -Wundef -Wvla -Wwrite-strings -Werror -Wno-error=extra -Wno-error=unused-function -Wno-error=deprecated-declarations -Wno-error=sign-compare -Wno-error=strict-aliasing -Wno-error=type-limits -Wno-unused-parameter -Wno-error=unused-variable -Wno-error=undef -Wno-error=uninitialized -Wno-error=unused-result -Wlogical-op -Wno-error=maybe-uninitialized -Wno-error=clobbered -Wno-error=unused-but-set-variable -Wno-error=odr -Waggregate-return -Wnested-externs -Wold-style-definition -Wstrict-prototypes -march=native -maes -DCHECK_FUNCTION_EXISTS=pthread_create   -o CMakeFiles/cmTC_3f82e.dir/CheckFunctionExists.c.o   -c /usr/share/cmake-3.5/Modules/CheckFunctionExists.c
/usr/share/cmake-3.5/Modules/CheckFunctionExists.c:6:1: error: function declaration isn’t a prototype [-Werror=strict-prototypes]
 char CHECK_FUNCTION_EXISTS();
 ^
cc1: all warnings being treated as errors
CMakeFiles/cmTC_3f82e.dir/build.make:65: die Regel für Ziel „CMakeFiles/cmTC_3f82e.dir/CheckFunctionExists.c.o“ scheiterte
make[2]: *** [CMakeFiles/cmTC_3f82e.dir/CheckFunctionExists.c.o] Fehler 1
make[2]: Verzeichnis „/home/stomeo-gmbh/Programme/recoin-qt/cryptonote/build/release/CMakeFiles/CMakeTmp“ wird verlassen
Makefile:126: die Regel für Ziel „cmTC_3f82e/fast“ scheiterte
make[1]: *** [cmTC_3f82e/fast] Fehler 2
make[1]: Verzeichnis „/home/stomeo-gmbh/Programme/recoin-qt/cryptonote/build/release/CMakeFiles/CMakeTmp“ wird verlassen


Determining if the function pthread_create exists in the pthread failed with the following output:
Change Dir: /home/stomeo-gmbh/Programme/recoin-qt/cryptonote/build/release/CMakeFiles/CMakeTmp

Run Build Command:"/usr/bin/make" "cmTC_a9c54/fast"
make[1]: Verzeichnis „/home/stomeo-gmbh/Programme/recoin-qt/cryptonote/build/release/CMakeFiles/CMakeTmp“ wird betreten
/usr/bin/make -f CMakeFiles/cmTC_a9c54.dir/build.make CMakeFiles/cmTC_a9c54.dir/build
make[2]: Verzeichnis „/home/stomeo-gmbh/Programme/recoin-qt/cryptonote/build/release/CMakeFiles/CMakeTmp“ wird betreten
Building C object CMakeFiles/cmTC_a9c54.dir/CheckFunctionExists.c.o
/usr/bin/cc    -std=c11  -Wall -Wextra -Wpointer-arith -Wundef -Wvla -Wwrite-strings -Werror -Wno-error=extra -Wno-error=unused-function -Wno-error=deprecated-declarations -Wno-error=sign-compare -Wno-error=strict-aliasing -Wno-error=type-limits -Wno-unused-parameter -Wno-error=unused-variable -Wno-error=undef -Wno-error=uninitialized -Wno-error=unused-result -Wlogical-op -Wno-error=maybe-uninitialized -Wno-error=clobbered -Wno-error=unused-but-set-variable -Wno-error=odr -Waggregate-return -Wnested-externs -Wold-style-definition -Wstrict-prototypes -march=native -maes -DCHECK_FUNCTION_EXISTS=pthread_create   -o CMakeFiles/cmTC_a9c54.dir/CheckFunctionExists.c.o   -c /usr/share/cmake-3.5/Modules/CheckFunctionExists.c
/usr/share/cmake-3.5/Modules/CheckFunctionExists.c:6:1: error: function declaration isn’t a prototype [-Werror=strict-prototypes]
 char CHECK_FUNCTION_EXISTS();
 ^
cc1: all warnings being treated as errors
CMakeFiles/cmTC_a9c54.dir/build.make:65: die Regel für Ziel „CMakeFiles/cmTC_a9c54.dir/CheckFunctionExists.c.o“ scheiterte
make[2]: *** [CMakeFiles/cmTC_a9c54.dir/CheckFunctionExists.c.o] Fehler 1
make[2]: Verzeichnis „/home/stomeo-gmbh/Programme/recoin-qt/cryptonote/build/release/CMakeFiles/CMakeTmp“ wird verlassen
Makefile:126: die Regel für Ziel „cmTC_a9c54/fast“ scheiterte
make[1]: *** [cmTC_a9c54/fast] Fehler 2
make[1]: Verzeichnis „/home/stomeo-gmbh/Programme/recoin-qt/cryptonote/build/release/CMakeFiles/CMakeTmp“ wird verlassen


